Using pre-set license
Built from '2021.3/staging' branch; Version is '2021.3.30f1 (b4360d7cdac4) revision 11810317'; Using compiler version '192829333'; Build Type 'Release'
OS: 'Windows 10  (10.0.19045) 64bit Professional' Language: 'es' Physical Memory: 32711 MB
BatchMode: 1, IsHumanControllingUs: 0, StartBugReporterOnCrash: 0, Is64bit: 1, IsPro: 1

COMMAND LINE ARGUMENTS:
C:\Program Files\Unity\Hub\Editor\2021.3.30f1\Editor\Unity.exe
-adb2
-batchMode
-noUpm
-name
AssetImportWorker0
-projectPath
C:/Users/3D Tarde/Documents/GitHub/EjercicioRaycast/EjercicioRaycast
-logFile
Logs/AssetImportWorker0.log
-srvPort
65310
Successfully changed project path to: C:/Users/3D Tarde/Documents/GitHub/EjercicioRaycast/EjercicioRaycast
C:/Users/3D Tarde/Documents/GitHub/EjercicioRaycast/EjercicioRaycast
[UnityMemory] Configuration Parameters - Can be set up in boot.config
    "memorysetup-bucket-allocator-granularity=16"
    "memorysetup-bucket-allocator-bucket-count=8"
    "memorysetup-bucket-allocator-block-size=33554432"
    "memorysetup-bucket-allocator-block-count=8"
    "memorysetup-main-allocator-block-size=16777216"
    "memorysetup-thread-allocator-block-size=16777216"
    "memorysetup-gfx-main-allocator-block-size=16777216"
    "memorysetup-gfx-thread-allocator-block-size=16777216"
    "memorysetup-cache-allocator-block-size=4194304"
    "memorysetup-typetree-allocator-block-size=2097152"
    "memorysetup-profiler-bucket-allocator-granularity=16"
    "memorysetup-profiler-bucket-allocator-bucket-count=8"
    "memorysetup-profiler-bucket-allocator-block-size=33554432"
    "memorysetup-profiler-bucket-allocator-block-count=8"
    "memorysetup-profiler-allocator-block-size=16777216"
    "memorysetup-profiler-editor-allocator-block-size=1048576"
    "memorysetup-temp-allocator-size-main=16777216"
    "memorysetup-job-temp-allocator-block-size=2097152"
    "memorysetup-job-temp-allocator-block-size-background=1048576"
    "memorysetup-job-temp-allocator-reduction-small-platforms=262144"
    "memorysetup-temp-allocator-size-background-worker=32768"
    "memorysetup-temp-allocator-size-job-worker=262144"
    "memorysetup-temp-allocator-size-preload-manager=33554432"
    "memorysetup-temp-allocator-size-nav-mesh-worker=65536"
    "memorysetup-temp-allocator-size-audio-worker=65536"
    "memorysetup-temp-allocator-size-cloud-worker=32768"
    "memorysetup-temp-allocator-size-gi-baking-worker=262144"
    "memorysetup-temp-allocator-size-gfx=262144"
Player connection [4016] Host "[IP] 192.168.255.128 [Port] 0 [Flags] 2 [Guid] 821908593 [EditorId] 821908593 [Version] 1048832 [Id] WindowsEditor(7,DESKTOP-1BEHCM6) [Debug] 1 [PackageName] WindowsEditor [ProjectName] Editor" joined multi-casting on [225.0.0.222:54997]...

Player connection [4016] Host "[IP] 192.168.255.128 [Port] 0 [Flags] 2 [Guid] 821908593 [EditorId] 821908593 [Version] 1048832 [Id] WindowsEditor(7,DESKTOP-1BEHCM6) [Debug] 1 [PackageName] WindowsEditor [ProjectName] Editor" joined alternative multi-casting on [225.0.0.222:34997]...

[Physics::Module] Initialized MultithreadedJobDispatcher with {0} workers.
Refreshing native plugins compatible for Editor in 66.96 ms, found 3 plugins.
Preloading 0 native plugins for Editor in 0.00 ms.
Initialize engine version: 2021.3.30f1 (b4360d7cdac4)
[Subsystems] Discovering subsystems at path C:/Program Files/Unity/Hub/Editor/2021.3.30f1/Editor/Data/Resources/UnitySubsystems
[Subsystems] Discovering subsystems at path C:/Users/3D Tarde/Documents/GitHub/EjercicioRaycast/EjercicioRaycast/Assets
GfxDevice: creating device client; threaded=0; jobified=0
Direct3D:
    Version:  Direct3D 11.0 [level 11.1]
    Renderer: NVIDIA GeForce GTX 1050 Ti (ID=0x1c82)
    Vendor:   NVIDIA
    VRAM:     4017 MB
    Driver:   31.0.15.3168
Initialize mono
Mono path[0] = 'C:/Program Files/Unity/Hub/Editor/2021.3.30f1/Editor/Data/Managed'
Mono path[1] = 'C:/Program Files/Unity/Hub/Editor/2021.3.30f1/Editor/Data/MonoBleedingEdge/lib/mono/unityjit-win32'
Mono config path = 'C:/Program Files/Unity/Hub/Editor/2021.3.30f1/Editor/Data/MonoBleedingEdge/etc'
Using monoOptions --debugger-agent=transport=dt_socket,embedding=1,server=y,suspend=n,address=127.0.0.1:56280
Begin MonoManager ReloadAssembly
Registering precompiled unity dll's ...
Register platform support module: C:/Program Files/Unity/Hub/Editor/2021.3.30f1/Editor/Data/PlaybackEngines/AndroidPlayer/UnityEditor.Android.Extensions.dll
Register platform support module: C:/Program Files/Unity/Hub/Editor/2021.3.30f1/Editor/Data/PlaybackEngines/WindowsStandaloneSupport/UnityEditor.WindowsStandalone.Extensions.dll
Registered in 0.007655 seconds.
Native extension for WindowsStandalone target not found
Native extension for Android target not found
Android Extension - Scanning For ADB Devices 217 ms
Refreshing native plugins compatible for Editor in 65.37 ms, found 3 plugins.
Preloading 0 native plugins for Editor in 0.00 ms.
Mono: successfully reloaded assembly
- Completed reload, in  0.868 seconds
Domain Reload Profiling:
	ReloadAssembly (868ms)
		BeginReloadAssembly (93ms)
			ExecutionOrderSort (0ms)
			DisableScriptedObjects (0ms)
			BackupInstance (0ms)
			ReleaseScriptingObjects (0ms)
			CreateAndSetChildDomain (1ms)
		EndReloadAssembly (679ms)
			LoadAssemblies (92ms)
			RebuildTransferFunctionScriptingTraits (0ms)
			SetupTypeCache (104ms)
			ReleaseScriptCaches (0ms)
			RebuildScriptCaches (28ms)
			SetupLoadedEditorAssemblies (509ms)
				LogAssemblyErrors (0ms)
				InitializePlatformSupportModulesInManaged (320ms)
				SetLoadedEditorAssemblies (0ms)
				RefreshPlugins (65ms)
				BeforeProcessingInitializeOnLoad (1ms)
				ProcessInitializeOnLoadAttributes (80ms)
				ProcessInitializeOnLoadMethodAttributes (42ms)
				AfterProcessingInitializeOnLoad (0ms)
				EditorAssembliesLoaded (0ms)
			ExecutionOrderSort2 (0ms)
			AwakeInstancesAfterBackupRestoration (0ms)
Platform modules already initialized, skipping
Registering precompiled user dll's ...
Registered in 0.005104 seconds.
Begin MonoManager ReloadAssembly
Native extension for WindowsStandalone target not found
Native extension for Android target not found
Refreshing native plugins compatible for Editor in 0.44 ms, found 3 plugins.
Preloading 0 native plugins for Editor in 0.00 ms.
Package Manager log level set to [2]
[Package Manager] Server::EnsureServerProcessIsRunning -- launch failed, reason: Unity was launched with the -noUpm command-line argument
[Package Manager] Cannot connect to Unity Package Manager local server
Mono: successfully reloaded assembly
- Completed reload, in  1.318 seconds
Domain Reload Profiling:
	ReloadAssembly (1319ms)
		BeginReloadAssembly (124ms)
			ExecutionOrderSort (0ms)
			DisableScriptedObjects (6ms)
			BackupInstance (0ms)
			ReleaseScriptingObjects (0ms)
			CreateAndSetChildDomain (18ms)
		EndReloadAssembly (1093ms)
			LoadAssemblies (96ms)
			RebuildTransferFunctionScriptingTraits (0ms)
			SetupTypeCache (259ms)
			ReleaseScriptCaches (1ms)
			RebuildScriptCaches (46ms)
			SetupLoadedEditorAssemblies (665ms)
				LogAssemblyErrors (0ms)
				InitializePlatformSupportModulesInManaged (20ms)
				SetLoadedEditorAssemblies (0ms)
				RefreshPlugins (1ms)
				BeforeProcessingInitializeOnLoad (70ms)
				ProcessInitializeOnLoadAttributes (549ms)
				ProcessInitializeOnLoadMethodAttributes (18ms)
				AfterProcessingInitializeOnLoad (7ms)
				EditorAssembliesLoaded (0ms)
			ExecutionOrderSort2 (0ms)
			AwakeInstancesAfterBackupRestoration (6ms)
Platform modules already initialized, skipping
========================================================================
Worker process is ready to serve import requests
Launched and connected shader compiler UnityShaderCompiler.exe after 0.04 seconds
Refreshing native plugins compatible for Editor in 0.44 ms, found 3 plugins.
Preloading 0 native plugins for Editor in 0.00 ms.
Unloading 3056 Unused Serialized files (Serialized files now loaded: 0)
Unloading 22 unused Assets / (46.4 KB). Loaded Objects now: 3522.
Memory consumption went from 113.0 MB to 113.0 MB.
Total: 2.731300 ms (FindLiveObjects: 0.259800 ms CreateObjectMapping: 0.190700 ms MarkObjects: 2.203700 ms  DeleteObjects: 0.075700 ms)

AssetImportParameters requested are different than current active one (requested -> active):
  custom:video-decoder-ogg-theora: a1e56fd34408186e4bbccfd4996cb3dc -> 
  custom:container-muxer-webm: aa71ff27fc2769a1b78a27578f13a17b -> 
  custom:container-demuxer-webm: 4f35f7cbe854078d1ac9338744f61a02 -> 
  custom:video-encoder-webm-vp8: eb34c28f22e8b96e1ab97ce403110664 -> 
  custom:CustomObjectIndexerAttribute: bc11b3a6c3213fcdd17b65e7da85e133 -> 
  custom:audio-encoder-webm-vorbis: bf7c407c2cedff20999df2af8eb42d56 -> 
  custom:framework-win-MediaFoundation: 216162199b28c13a410421893ffa2e32 -> 
  custom:SearchIndexIgnoredProperties: e643bd26f0fe6173181afceb89e7c659 -> 
  custom:container-demuxer-ogg: 62fdf1f143b41e24485cea50d1cbac27 -> 
  custom:video-decoder-webm-vp8: 9c59270c3fd7afecdb556c50c9e8de78 -> 
  custom:audio-decoder-ogg-vorbis: bf7c407c2cedff20999df2af8eb42d56 -> 
========================================================================
Received Import Request.
  Time since last request: 347981.191241 seconds.
  path: Assets/Animated Planet Bagyo/Skybox_Prefab.prefab
  artifactKey: Guid(4f8a9c0e3cf3a4b41958b179708315a7) Importer(815301076,1909f56bfc062723c751e8b465ee728b)
Number of updated assets reloaded before import = 0
Start importing Assets/Animated Planet Bagyo/Skybox_Prefab.prefab using Guid(4f8a9c0e3cf3a4b41958b179708315a7) Importer(815301076,1909f56bfc062723c751e8b465ee728b)  -> (artifact id: 'c07e433d73179bbcb49678d51f505dd5') in 0.205681 seconds 
Number of asset objects unloaded after import = 50
========================================================================
Received Import Request.
  Time since last request: 0.000021 seconds.
  path: Assets/Animated Planet Bagyo/Mesh/Skybox_Mesh.fbx
  artifactKey: Guid(8b9aef3f8f9aa42488a6d7d7ebdc2525) Importer(815301076,1909f56bfc062723c751e8b465ee728b)
Number of updated assets reloaded before import = 0
Start importing Assets/Animated Planet Bagyo/Mesh/Skybox_Mesh.fbx using Guid(8b9aef3f8f9aa42488a6d7d7ebdc2525) Importer(815301076,1909f56bfc062723c751e8b465ee728b)  -> (artifact id: '032c4fd9572c468eca26674fdfe7a416') in 0.132978 seconds 
Number of asset objects unloaded after import = 46
========================================================================
Received Import Request.
  Time since last request: 3.773605 seconds.
  path: Assets/Animated Planet Bagyo/Materials/Back.mat
  artifactKey: Guid(27799c255bb15ec4d84584f967512e71) Importer(815301076,1909f56bfc062723c751e8b465ee728b)
Number of updated assets reloaded before import = 0
Start importing Assets/Animated Planet Bagyo/Materials/Back.mat using Guid(27799c255bb15ec4d84584f967512e71) Importer(815301076,1909f56bfc062723c751e8b465ee728b)  -> (artifact id: '9784d507f957535e2500c475d35a28de') in 0.038484 seconds 
Number of asset objects unloaded after import = 2
========================================================================
Received Import Request.
  Time since last request: 0.000013 seconds.
  path: Assets/Animated Planet Bagyo/Materials/Left.mat
  artifactKey: Guid(68a3ccce81fe42141b17dd3e352c7f50) Importer(815301076,1909f56bfc062723c751e8b465ee728b)
Number of updated assets reloaded before import = 0
Start importing Assets/Animated Planet Bagyo/Materials/Left.mat using Guid(68a3ccce81fe42141b17dd3e352c7f50) Importer(815301076,1909f56bfc062723c751e8b465ee728b)  -> (artifact id: 'b32bb04de9a59d4964b10231712d19f7') in 0.015813 seconds 
Number of asset objects unloaded after import = 2
========================================================================
Received Import Request.
  Time since last request: 0.000017 seconds.
  path: Assets/Animated Planet Bagyo/Materials/Front.mat
  artifactKey: Guid(070ef84e5630e464eabe09c622d22373) Importer(815301076,1909f56bfc062723c751e8b465ee728b)
Number of updated assets reloaded before import = 0
Start importing Assets/Animated Planet Bagyo/Materials/Front.mat using Guid(070ef84e5630e464eabe09c622d22373) Importer(815301076,1909f56bfc062723c751e8b465ee728b)  -> (artifact id: 'bab24817f68315b682fef4d0c567cd55') in 0.017355 seconds 
Number of asset objects unloaded after import = 2
========================================================================
Received Import Request.
  Time since last request: 0.000020 seconds.
  path: Assets/Animated Planet Bagyo/Materials/Right.mat
  artifactKey: Guid(7f637ce7ba90d1542be9beb618ff9bfd) Importer(815301076,1909f56bfc062723c751e8b465ee728b)
Number of updated assets reloaded before import = 0
Start importing Assets/Animated Planet Bagyo/Materials/Right.mat using Guid(7f637ce7ba90d1542be9beb618ff9bfd) Importer(815301076,1909f56bfc062723c751e8b465ee728b)  -> (artifact id: '2e5b049ad0928c371fff32fd1c9932fd') in 0.015650 seconds 
Number of asset objects unloaded after import = 2
========================================================================
Received Import Request.
  Time since last request: 0.000015 seconds.
  path: Assets/Animated Planet Bagyo/Materials/Up.mat
  artifactKey: Guid(d40a11e0187be644eb937d9d914a1206) Importer(815301076,1909f56bfc062723c751e8b465ee728b)
Number of updated assets reloaded before import = 0
Start importing Assets/Animated Planet Bagyo/Materials/Up.mat using Guid(d40a11e0187be644eb937d9d914a1206) Importer(815301076,1909f56bfc062723c751e8b465ee728b)  -> (artifact id: 'e470047ee8760e9f02cbecddf06accd7') in 0.016372 seconds 
Number of asset objects unloaded after import = 2
========================================================================
Received Import Request.
  Time since last request: 0.000019 seconds.
  path: Assets/Animated Planet Bagyo/Materials/Down.mat
  artifactKey: Guid(e244c95f3026caa42b3c7dc8437debff) Importer(815301076,1909f56bfc062723c751e8b465ee728b)
Number of updated assets reloaded before import = 0
Start importing Assets/Animated Planet Bagyo/Materials/Down.mat using Guid(e244c95f3026caa42b3c7dc8437debff) Importer(815301076,1909f56bfc062723c751e8b465ee728b)  -> (artifact id: '1670b3305a25e0c74a3d80e0c1ba0cf1') in 0.014300 seconds 
Number of asset objects unloaded after import = 2
========================================================================
Received Import Request.
  Time since last request: 1.345933 seconds.
  path: Assets/Animated Planet Bagyo/Textures/Animated Planet.mp4
  artifactKey: Guid(9435e24d7391e9640b411a1dd5af5477) Importer(815301076,1909f56bfc062723c751e8b465ee728b)
Number of updated assets reloaded before import = 0
Start importing Assets/Animated Planet Bagyo/Textures/Animated Planet.mp4 using Guid(9435e24d7391e9640b411a1dd5af5477) Importer(815301076,1909f56bfc062723c751e8b465ee728b)  -> (artifact id: '48269e917b9cae6e5b7c6432bc0c80d9') in 0.071886 seconds 
Number of asset objects unloaded after import = 1
========================================================================
Received Import Request.
  Time since last request: 0.000015 seconds.
  path: Assets/Animated Planet Bagyo/Textures/Right_Tex.png
  artifactKey: Guid(49f17efc85de9b24d990d14c7f38087b) Importer(815301076,1909f56bfc062723c751e8b465ee728b)
Number of updated assets reloaded before import = 0
Start importing Assets/Animated Planet Bagyo/Textures/Right_Tex.png using Guid(49f17efc85de9b24d990d14c7f38087b) Importer(815301076,1909f56bfc062723c751e8b465ee728b)  -> (artifact id: '1140bbba10cfd58d66023b654bb0a204') in 0.043032 seconds 
Number of asset objects unloaded after import = 2
========================================================================
Received Import Request.
  Time since last request: 0.000021 seconds.
  path: Assets/Animated Planet Bagyo/Textures/Down_Tex.png
  artifactKey: Guid(23d2b2c2dc6d17f4d919a6b30fd51892) Importer(815301076,1909f56bfc062723c751e8b465ee728b)
Number of updated assets reloaded before import = 0
Start importing Assets/Animated Planet Bagyo/Textures/Down_Tex.png using Guid(23d2b2c2dc6d17f4d919a6b30fd51892) Importer(815301076,1909f56bfc062723c751e8b465ee728b)  -> (artifact id: 'd400dc77c980c915ddc533b5d20b9547') in 0.022387 seconds 
Number of asset objects unloaded after import = 2
========================================================================
Received Import Request.
  Time since last request: 0.000013 seconds.
  path: Assets/Animated Planet Bagyo/Textures/Up_Tex.png
  artifactKey: Guid(61dbdfea2f3c58044832e4901ec8f434) Importer(815301076,1909f56bfc062723c751e8b465ee728b)
Number of updated assets reloaded before import = 0
Start importing Assets/Animated Planet Bagyo/Textures/Up_Tex.png using Guid(61dbdfea2f3c58044832e4901ec8f434) Importer(815301076,1909f56bfc062723c751e8b465ee728b)  -> (artifact id: 'dfb1d95bbf3f9f19622dc12936fd081b') in 0.020177 seconds 
Number of asset objects unloaded after import = 2
========================================================================
Received Import Request.
  Time since last request: 0.000014 seconds.
  path: Assets/Animated Planet Bagyo/Textures/Front_Tex.png
  artifactKey: Guid(044e4534228f048408be8e0ad53691e5) Importer(815301076,1909f56bfc062723c751e8b465ee728b)
Number of updated assets reloaded before import = 0
Start importing Assets/Animated Planet Bagyo/Textures/Front_Tex.png using Guid(044e4534228f048408be8e0ad53691e5) Importer(815301076,1909f56bfc062723c751e8b465ee728b)  -> (artifact id: '4b48a7bd956738cba95383a6115b78b1') in 0.019412 seconds 
Number of asset objects unloaded after import = 2
========================================================================
Received Import Request.
  Time since last request: 0.000013 seconds.
  path: Assets/Animated Planet Bagyo/Textures/Back_Tex.png
  artifactKey: Guid(9433fc5ecafa73849be0dafd79b52d62) Importer(815301076,1909f56bfc062723c751e8b465ee728b)
Number of updated assets reloaded before import = 0
Start importing Assets/Animated Planet Bagyo/Textures/Back_Tex.png using Guid(9433fc5ecafa73849be0dafd79b52d62) Importer(815301076,1909f56bfc062723c751e8b465ee728b)  -> (artifact id: 'eb34dbdfc85d4d312496a506b30fae6f') in 0.018969 seconds 
Number of asset objects unloaded after import = 2
========================================================================
Received Import Request.
  Time since last request: 0.000013 seconds.
  path: Assets/Animated Planet Bagyo/Textures/Left_Tex.png
  artifactKey: Guid(a7461ad6def00624a9c78c5f420e4646) Importer(815301076,1909f56bfc062723c751e8b465ee728b)
Number of updated assets reloaded before import = 0
Start importing Assets/Animated Planet Bagyo/Textures/Left_Tex.png using Guid(a7461ad6def00624a9c78c5f420e4646) Importer(815301076,1909f56bfc062723c751e8b465ee728b)  -> (artifact id: 'ec04a8573934c1d4812d25b82e07c4d8') in 0.018614 seconds 
Number of asset objects unloaded after import = 2
========================================================================
Received Prepare
Registering precompiled user dll's ...
Registered in 0.004647 seconds.
Begin MonoManager ReloadAssembly
Native extension for WindowsStandalone target not found
Native extension for Android target not found
Refreshing native plugins compatible for Editor in 0.44 ms, found 3 plugins.
Preloading 0 native plugins for Editor in 0.00 ms.
[Package Manager] Server::EnsureServerProcessIsRunning -- launch failed, reason: Unity was launched with the -noUpm command-line argument
[Package Manager] Cannot connect to Unity Package Manager local server
Mono: successfully reloaded assembly
- Completed reload, in  1.348 seconds
Domain Reload Profiling:
	ReloadAssembly (1349ms)
		BeginReloadAssembly (145ms)
			ExecutionOrderSort (0ms)
			DisableScriptedObjects (4ms)
			BackupInstance (0ms)
			ReleaseScriptingObjects (0ms)
			CreateAndSetChildDomain (32ms)
		EndReloadAssembly (1110ms)
			LoadAssemblies (96ms)
			RebuildTransferFunctionScriptingTraits (0ms)
			SetupTypeCache (276ms)
			ReleaseScriptCaches (1ms)
			RebuildScriptCaches (36ms)
			SetupLoadedEditorAssemblies (675ms)
				LogAssemblyErrors (0ms)
				InitializePlatformSupportModulesInManaged (21ms)
				SetLoadedEditorAssemblies (0ms)
				RefreshPlugins (1ms)
				BeforeProcessingInitializeOnLoad (56ms)
				ProcessInitializeOnLoadAttributes (571ms)
				ProcessInitializeOnLoadMethodAttributes (18ms)
				AfterProcessingInitializeOnLoad (7ms)
				EditorAssembliesLoaded (0ms)
			ExecutionOrderSort2 (0ms)
			AwakeInstancesAfterBackupRestoration (6ms)
Platform modules already initialized, skipping
Refreshing native plugins compatible for Editor in 0.44 ms, found 3 plugins.
Preloading 0 native plugins for Editor in 0.00 ms.
Unloading 3047 Unused Serialized files (Serialized files now loaded: 0)
Unloading 18 unused Assets / (21.9 KB). Loaded Objects now: 3570.
Memory consumption went from 113.1 MB to 113.1 MB.
Total: 2.547400 ms (FindLiveObjects: 0.220800 ms CreateObjectMapping: 0.118500 ms MarkObjects: 2.188100 ms  DeleteObjects: 0.019300 ms)

AssetImportParameters requested are different than current active one (requested -> active):
  custom:video-decoder-ogg-theora: a1e56fd34408186e4bbccfd4996cb3dc -> 
  custom:container-muxer-webm: aa71ff27fc2769a1b78a27578f13a17b -> 
  custom:container-demuxer-webm: 4f35f7cbe854078d1ac9338744f61a02 -> 
  custom:video-encoder-webm-vp8: eb34c28f22e8b96e1ab97ce403110664 -> 
  custom:CustomObjectIndexerAttribute: bc11b3a6c3213fcdd17b65e7da85e133 -> 
  custom:audio-encoder-webm-vorbis: bf7c407c2cedff20999df2af8eb42d56 -> 
  custom:framework-win-MediaFoundation: 216162199b28c13a410421893ffa2e32 -> 
  custom:SearchIndexIgnoredProperties: e643bd26f0fe6173181afceb89e7c659 -> 
  custom:container-demuxer-ogg: 62fdf1f143b41e24485cea50d1cbac27 -> 
  custom:video-decoder-webm-vp8: 9c59270c3fd7afecdb556c50c9e8de78 -> 
  custom:audio-decoder-ogg-vorbis: bf7c407c2cedff20999df2af8eb42d56 -> 
========================================================================
Received Import Request.
  Time since last request: 136.525462 seconds.
  path: Assets/planets.fbx
  artifactKey: Guid(ee142bfe671dcfa4a8a07bda3b37a1cd) Importer(815301076,1909f56bfc062723c751e8b465ee728b)
Number of updated assets reloaded before import = 0
Start importing Assets/planets.fbx using Guid(ee142bfe671dcfa4a8a07bda3b37a1cd) Importer(815301076,1909f56bfc062723c751e8b465ee728b)  -> (artifact id: '2681c36b5d7ef81a4e7f59197aa9b8a5') in 0.120400 seconds 
Number of asset objects unloaded after import = 52
========================================================================
Received Import Request.
  Time since last request: 7.958040 seconds.
  path: Assets/Textures/Street_Build_C_1_NormalOpemGL.png
  artifactKey: Guid(f304fb5189cc28340b5bb0474d716b84) Importer(815301076,1909f56bfc062723c751e8b465ee728b)
Number of updated assets reloaded before import = 0
Start importing Assets/Textures/Street_Build_C_1_NormalOpemGL.png using Guid(f304fb5189cc28340b5bb0474d716b84) Importer(815301076,1909f56bfc062723c751e8b465ee728b)  -> (artifact id: 'e7678b0377338ddd6d2b1dd9793b0b58') in 0.033156 seconds 
Number of asset objects unloaded after import = 2
========================================================================
Received Import Request.
  Time since last request: 0.000019 seconds.
  path: Assets/Textures/Street_Build_D_1_Metallic-Street_Build_D_1_Roughness@channel.png
  artifactKey: Guid(ed050e2ff290f2b43a4af918acd8f2ab) Importer(815301076,1909f56bfc062723c751e8b465ee728b)
Number of updated assets reloaded before import = 0
Start importing Assets/Textures/Street_Build_D_1_Metallic-Street_Build_D_1_Roughness@channel.png using Guid(ed050e2ff290f2b43a4af918acd8f2ab) Importer(815301076,1909f56bfc062723c751e8b465ee728b)  -> (artifact id: 'b44e888c4b09027326f3e00a4d91c160') in 0.034942 seconds 
Number of asset objects unloaded after import = 2
========================================================================
Received Import Request.
  Time since last request: 0.000016 seconds.
  path: Assets/Textures/Street_Build_E_NormalOpemGL.png
  artifactKey: Guid(15814f31130ba1c499aadf08e853b94a) Importer(815301076,1909f56bfc062723c751e8b465ee728b)
Number of updated assets reloaded before import = 0
Start importing Assets/Textures/Street_Build_E_NormalOpemGL.png using Guid(15814f31130ba1c499aadf08e853b94a) Importer(815301076,1909f56bfc062723c751e8b465ee728b)  -> (artifact id: '8213947a306d8ac6b655738cf39c2b0a') in 0.021399 seconds 
Number of asset objects unloaded after import = 2
========================================================================
Received Import Request.
  Time since last request: 0.000015 seconds.
  path: Assets/Textures/Street_Build_H_2_NormalOpemGL.png
  artifactKey: Guid(06c0e52fdd633e14fa489d0a2f2c0838) Importer(815301076,1909f56bfc062723c751e8b465ee728b)
Number of updated assets reloaded before import = 0
Start importing Assets/Textures/Street_Build_H_2_NormalOpemGL.png using Guid(06c0e52fdd633e14fa489d0a2f2c0838) Importer(815301076,1909f56bfc062723c751e8b465ee728b)  -> (artifact id: 'e1bca51cb8c36d89f61dcb1e4ae2189b') in 0.020318 seconds 
Number of asset objects unloaded after import = 2
========================================================================
Received Import Request.
  Time since last request: 0.000015 seconds.
  path: Assets/Textures/Street_ground_NormalOpemGL.png
  artifactKey: Guid(cbd948ddc7131d845aa392cfaf7fafbd) Importer(815301076,1909f56bfc062723c751e8b465ee728b)
Number of updated assets reloaded before import = 0
Start importing Assets/Textures/Street_ground_NormalOpemGL.png using Guid(cbd948ddc7131d845aa392cfaf7fafbd) Importer(815301076,1909f56bfc062723c751e8b465ee728b)  -> (artifact id: 'c6b18297ba0e95744b2b8cc4867ba762') in 0.020362 seconds 
Number of asset objects unloaded after import = 2
========================================================================
Received Import Request.
  Time since last request: 0.000012 seconds.
  path: Assets/Textures/Street_Build_G_1_BaseColor.png
  artifactKey: Guid(90a2ea0ead5ce414497b5bf731c5f91d) Importer(815301076,1909f56bfc062723c751e8b465ee728b)
Number of updated assets reloaded before import = 0
Start importing Assets/Textures/Street_Build_G_1_BaseColor.png using Guid(90a2ea0ead5ce414497b5bf731c5f91d) Importer(815301076,1909f56bfc062723c751e8b465ee728b)  -> (artifact id: '980331e82931bbe855b83d359d869043') in 0.019170 seconds 
Number of asset objects unloaded after import = 2
========================================================================
Received Import Request.
  Time since last request: 0.000016 seconds.
  path: Assets/Textures/Street_Build_C_2_Metallic-Street_Build_C_2_Roughness@channel.png
  artifactKey: Guid(d89347bb71861f449a2bdae809981355) Importer(815301076,1909f56bfc062723c751e8b465ee728b)
Number of updated assets reloaded before import = 0
Start importing Assets/Textures/Street_Build_C_2_Metallic-Street_Build_C_2_Roughness@channel.png using Guid(d89347bb71861f449a2bdae809981355) Importer(815301076,1909f56bfc062723c751e8b465ee728b)  -> (artifact id: '997185f1903c0d84bde8ecd882faa158') in 0.031077 seconds 
Number of asset objects unloaded after import = 2
========================================================================
Received Import Request.
  Time since last request: 0.000016 seconds.
  path: Assets/Textures/Street_Build_J_NormalOpemGL.png
  artifactKey: Guid(c563bf22bf876474aa6b2f32332b2b1d) Importer(815301076,1909f56bfc062723c751e8b465ee728b)
Number of updated assets reloaded before import = 0
Start importing Assets/Textures/Street_Build_J_NormalOpemGL.png using Guid(c563bf22bf876474aa6b2f32332b2b1d) Importer(815301076,1909f56bfc062723c751e8b465ee728b)  -> (artifact id: '175fb413bd32edd4fb71ff0b45532f24') in 0.019313 seconds 
Number of asset objects unloaded after import = 2
========================================================================
Received Import Request.
  Time since last request: 0.000022 seconds.
  path: Assets/Textures/Street_Build_G_1_NormalOpemGL.png
  artifactKey: Guid(eb860329099d13647b2522096f43f266) Importer(815301076,1909f56bfc062723c751e8b465ee728b)
Number of updated assets reloaded before import = 0
Start importing Assets/Textures/Street_Build_G_1_NormalOpemGL.png using Guid(eb860329099d13647b2522096f43f266) Importer(815301076,1909f56bfc062723c751e8b465ee728b)  -> (artifact id: '3ef9a995586142df873560965ba3709d') in 0.019553 seconds 
Number of asset objects unloaded after import = 2
========================================================================
Received Import Request.
  Time since last request: 0.000015 seconds.
  path: Assets/Textures/Street_Build_E_Metallic-Street_Build_E_Roughness@channels=B.png
  artifactKey: Guid(5ea07551b69bd244084b5c1030f122d3) Importer(815301076,1909f56bfc062723c751e8b465ee728b)
Number of updated assets reloaded before import = 0
Start importing Assets/Textures/Street_Build_E_Metallic-Street_Build_E_Roughness@channels=B.png using Guid(5ea07551b69bd244084b5c1030f122d3) Importer(815301076,1909f56bfc062723c751e8b465ee728b)  -> (artifact id: '0cec64b2a71a8bc33c8c5f9dde30dfb4') in 0.032744 seconds 
Number of asset objects unloaded after import = 2
========================================================================
Received Import Request.
  Time since last request: 0.000013 seconds.
  path: Assets/Textures/Street_Build_F_2_BaseColor.png
  artifactKey: Guid(e0c9142c831c1f94aac1af3deb03f1f1) Importer(815301076,1909f56bfc062723c751e8b465ee728b)
Number of updated assets reloaded before import = 0
Start importing Assets/Textures/Street_Build_F_2_BaseColor.png using Guid(e0c9142c831c1f94aac1af3deb03f1f1) Importer(815301076,1909f56bfc062723c751e8b465ee728b)  -> (artifact id: '2427e8b66e2d000d03f2c7dffb3c314d') in 0.018877 seconds 
Number of asset objects unloaded after import = 2
========================================================================
Received Import Request.
  Time since last request: 0.000017 seconds.
  path: Assets/Textures/Street_Build_I_NormalOpemGL.png
  artifactKey: Guid(b5a40312206922548a87426d81f47e76) Importer(815301076,1909f56bfc062723c751e8b465ee728b)
Number of updated assets reloaded before import = 0
Start importing Assets/Textures/Street_Build_I_NormalOpemGL.png using Guid(b5a40312206922548a87426d81f47e76) Importer(815301076,1909f56bfc062723c751e8b465ee728b)  -> (artifact id: 'ce63c9b7f985e821a3f4e7250fae21f1') in 0.019170 seconds 
Number of asset objects unloaded after import = 2
========================================================================
Received Import Request.
  Time since last request: 0.000013 seconds.
  path: Assets/Textures/Street_Build_I_Metallic-Street_Build_I_Roughness@channels=G.png
  artifactKey: Guid(bde58d46c49bccb4ba28cf7f27815d8a) Importer(815301076,1909f56bfc062723c751e8b465ee728b)
Number of updated assets reloaded before import = 0
Start importing Assets/Textures/Street_Build_I_Metallic-Street_Build_I_Roughness@channels=G.png using Guid(bde58d46c49bccb4ba28cf7f27815d8a) Importer(815301076,1909f56bfc062723c751e8b465ee728b)  -> (artifact id: '8eed710501cf4cf18a173ded67f2bba2') in 0.040832 seconds 
Number of asset objects unloaded after import = 2
========================================================================
Received Import Request.
  Time since last request: 0.000018 seconds.
  path: Assets/Textures/Street_Build_D_2_NormalOpemGL.png
  artifactKey: Guid(7de3340faa64bd94e9fce7f5e29de120) Importer(815301076,1909f56bfc062723c751e8b465ee728b)
Number of updated assets reloaded before import = 0
Start importing Assets/Textures/Street_Build_D_2_NormalOpemGL.png using Guid(7de3340faa64bd94e9fce7f5e29de120) Importer(815301076,1909f56bfc062723c751e8b465ee728b)  -> (artifact id: '357d4705f3bf15f8b488d117761139bd') in 0.020919 seconds 
Number of asset objects unloaded after import = 2
========================================================================
Received Import Request.
  Time since last request: 0.000013 seconds.
  path: Assets/Textures/Street_Build_G_1_Metallic-Street_Build_G_1_Roughness@channel.png
  artifactKey: Guid(dd60127733453234e93bc6022cc3ec05) Importer(815301076,1909f56bfc062723c751e8b465ee728b)
Number of updated assets reloaded before import = 0
Start importing Assets/Textures/Street_Build_G_1_Metallic-Street_Build_G_1_Roughness@channel.png using Guid(dd60127733453234e93bc6022cc3ec05) Importer(815301076,1909f56bfc062723c751e8b465ee728b)  -> (artifact id: '94da569b66cce95d72e2d70af730a301') in 0.031143 seconds 
Number of asset objects unloaded after import = 2
========================================================================
Received Import Request.
  Time since last request: 0.000014 seconds.
  path: Assets/Textures/Street_Build_D_2_Metallic-Street_Build_D_2_Roughness@channel.png
  artifactKey: Guid(660f7d0f23661e9458671d2c28716c48) Importer(815301076,1909f56bfc062723c751e8b465ee728b)
Number of updated assets reloaded before import = 0
Start importing Assets/Textures/Street_Build_D_2_Metallic-Street_Build_D_2_Roughness@channel.png using Guid(660f7d0f23661e9458671d2c28716c48) Importer(815301076,1909f56bfc062723c751e8b465ee728b)  -> (artifact id: '460645829af44608fbc1c52f360e902f') in 0.031774 seconds 
Number of asset objects unloaded after import = 2
========================================================================
Received Import Request.
  Time since last request: 0.000016 seconds.
  path: Assets/Textures/Street_Build_F_1_Metallic_png-Street_Build_F_1_Roughness_png.png
  artifactKey: Guid(9f3564c86208e044eba7638ffff916c5) Importer(815301076,1909f56bfc062723c751e8b465ee728b)
Number of updated assets reloaded before import = 0
Start importing Assets/Textures/Street_Build_F_1_Metallic_png-Street_Build_F_1_Roughness_png.png using Guid(9f3564c86208e044eba7638ffff916c5) Importer(815301076,1909f56bfc062723c751e8b465ee728b)  -> (artifact id: 'f5e1c9e7ece7ad184b4ec4c1560f4e3a') in 0.032660 seconds 
Number of asset objects unloaded after import = 2
========================================================================
Received Import Request.
  Time since last request: 0.000020 seconds.
  path: Assets/Textures/Street_Build_F_2_Metallic_png-Street_Build_F_2_Roughness_png.png
  artifactKey: Guid(c55f38a70ce737649981598892dfd043) Importer(815301076,1909f56bfc062723c751e8b465ee728b)
Number of updated assets reloaded before import = 0
Start importing Assets/Textures/Street_Build_F_2_Metallic_png-Street_Build_F_2_Roughness_png.png using Guid(c55f38a70ce737649981598892dfd043) Importer(815301076,1909f56bfc062723c751e8b465ee728b)  -> (artifact id: '15bc008e5aa5cb06cacf041e502d55f6') in 0.030516 seconds 
Number of asset objects unloaded after import = 2
========================================================================
Received Import Request.
  Time since last request: 0.000013 seconds.
  path: Assets/Textures/Street_Build_H_2_BaseColor.png
  artifactKey: Guid(bc28151bf6998b84fb90ddf18c626265) Importer(815301076,1909f56bfc062723c751e8b465ee728b)
Number of updated assets reloaded before import = 0
Start importing Assets/Textures/Street_Build_H_2_BaseColor.png using Guid(bc28151bf6998b84fb90ddf18c626265) Importer(815301076,1909f56bfc062723c751e8b465ee728b)  -> (artifact id: 'da98ecd2a1db83708d5a71c76d21da35') in 0.017808 seconds 
Number of asset objects unloaded after import = 2
========================================================================
Received Import Request.
  Time since last request: 0.000014 seconds.
  path: Assets/Textures/Street_Build_E_Metallic-Street_Build_E_Roughness@channels=G.png
  artifactKey: Guid(814e3e5271f9c3b4f98612d4ba33e5bb) Importer(815301076,1909f56bfc062723c751e8b465ee728b)
Number of updated assets reloaded before import = 0
Start importing Assets/Textures/Street_Build_E_Metallic-Street_Build_E_Roughness@channels=G.png using Guid(814e3e5271f9c3b4f98612d4ba33e5bb) Importer(815301076,1909f56bfc062723c751e8b465ee728b)  -> (artifact id: '78bbbefdc3656e1e0bee1637337603cd') in 0.033878 seconds 
Number of asset objects unloaded after import = 2
========================================================================
Received Import Request.
  Time since last request: 0.000013 seconds.
  path: Assets/Textures/Street_Build_C_2_BaseColor.png
  artifactKey: Guid(ce104a7f20d8c7d41b46e09bb7191668) Importer(815301076,1909f56bfc062723c751e8b465ee728b)
Number of updated assets reloaded before import = 0
Start importing Assets/Textures/Street_Build_C_2_BaseColor.png using Guid(ce104a7f20d8c7d41b46e09bb7191668) Importer(815301076,1909f56bfc062723c751e8b465ee728b)  -> (artifact id: 'f6b5b25be3e6b26b90765a2c7b5fbd6f') in 0.017799 seconds 
Number of asset objects unloaded after import = 2
========================================================================
Received Import Request.
  Time since last request: 0.000014 seconds.
  path: Assets/Textures/Street_Props_01_Metallic_png-Street_Props_01_Roughness_png@c.png
  artifactKey: Guid(6f206e25f62fe114eadf699ad3031fb0) Importer(815301076,1909f56bfc062723c751e8b465ee728b)
Number of updated assets reloaded before import = 0
Start importing Assets/Textures/Street_Props_01_Metallic_png-Street_Props_01_Roughness_png@c.png using Guid(6f206e25f62fe114eadf699ad3031fb0) Importer(815301076,1909f56bfc062723c751e8b465ee728b)  -> (artifact id: '274dbe27b59a24b467189f7699a5555f') in 0.032085 seconds 
Number of asset objects unloaded after import = 2
========================================================================
Received Import Request.
  Time since last request: 0.000013 seconds.
  path: Assets/Textures/Street_Props_01_NormalOpemGL.png
  artifactKey: Guid(a1eeea60c1c07ba4290410517d369094) Importer(815301076,1909f56bfc062723c751e8b465ee728b)
Number of updated assets reloaded before import = 0
Start importing Assets/Textures/Street_Props_01_NormalOpemGL.png using Guid(a1eeea60c1c07ba4290410517d369094) Importer(815301076,1909f56bfc062723c751e8b465ee728b)  -> (artifact id: '15bb789f5e9ea9f2c5db82c95fa16b94') in 0.019101 seconds 
Number of asset objects unloaded after import = 2
========================================================================
Received Import Request.
  Time since last request: 0.000014 seconds.
  path: Assets/Textures/Street_pole_Emissive.png
  artifactKey: Guid(a9b63988c0b3fda418e2dfe2beffa1f0) Importer(815301076,1909f56bfc062723c751e8b465ee728b)
Number of updated assets reloaded before import = 0
Start importing Assets/Textures/Street_pole_Emissive.png using Guid(a9b63988c0b3fda418e2dfe2beffa1f0) Importer(815301076,1909f56bfc062723c751e8b465ee728b)  -> (artifact id: 'dc327aaaf2ec068c6e96e59ba032b918') in 0.018133 seconds 
Number of asset objects unloaded after import = 2
========================================================================
Received Import Request.
  Time since last request: 0.000014 seconds.
  path: Assets/Textures/Street_Build_D_1_NormalOpemGL.png
  artifactKey: Guid(cc752915169ab774cb196a99f2c47ef4) Importer(815301076,1909f56bfc062723c751e8b465ee728b)
Number of updated assets reloaded before import = 0
Start importing Assets/Textures/Street_Build_D_1_NormalOpemGL.png using Guid(cc752915169ab774cb196a99f2c47ef4) Importer(815301076,1909f56bfc062723c751e8b465ee728b)  -> (artifact id: '8ba0214a0bd9c332a9b7d3994d4392ca') in 0.019350 seconds 
Number of asset objects unloaded after import = 2
========================================================================
Received Import Request.
  Time since last request: 0.000013 seconds.
  path: Assets/Textures/Street_Build_H_1_Metallic_png-Street_Build_H_1_Roughness_png.png
  artifactKey: Guid(3264c6c7409fd9141b554b6dcbc82b2f) Importer(815301076,1909f56bfc062723c751e8b465ee728b)
Number of updated assets reloaded before import = 0
Start importing Assets/Textures/Street_Build_H_1_Metallic_png-Street_Build_H_1_Roughness_png.png using Guid(3264c6c7409fd9141b554b6dcbc82b2f) Importer(815301076,1909f56bfc062723c751e8b465ee728b)  -> (artifact id: 'c9742fe143e68e2415a2d4e21a47734e') in 0.034071 seconds 
Number of asset objects unloaded after import = 2
========================================================================
Received Import Request.
  Time since last request: 0.000017 seconds.
  path: Assets/Textures/Street_Build_D_1_BaseColor.png
  artifactKey: Guid(2acd2840fdb012e4aa2522d767c52b65) Importer(815301076,1909f56bfc062723c751e8b465ee728b)
Number of updated assets reloaded before import = 0
Start importing Assets/Textures/Street_Build_D_1_BaseColor.png using Guid(2acd2840fdb012e4aa2522d767c52b65) Importer(815301076,1909f56bfc062723c751e8b465ee728b)  -> (artifact id: '7ff317498321eb28151023acb10a371d') in 0.019371 seconds 
Number of asset objects unloaded after import = 2
========================================================================
Received Import Request.
  Time since last request: 0.000022 seconds.
  path: Assets/Textures/Street_Build_I_BaseColor.png
  artifactKey: Guid(f6403e94dc0dfe6408d92c401bfe589d) Importer(815301076,1909f56bfc062723c751e8b465ee728b)
Number of updated assets reloaded before import = 0
Start importing Assets/Textures/Street_Build_I_BaseColor.png using Guid(f6403e94dc0dfe6408d92c401bfe589d) Importer(815301076,1909f56bfc062723c751e8b465ee728b)  -> (artifact id: '5ad15ea9175d3fffcab959c3f484b2ee') in 0.020132 seconds 
Number of asset objects unloaded after import = 2
========================================================================
Received Import Request.
  Time since last request: 0.000014 seconds.
  path: Assets/Textures/Street_Build_C_2_NormalOpemGL.png
  artifactKey: Guid(e3ccdb0923164c443b1a067845c8ba0b) Importer(815301076,1909f56bfc062723c751e8b465ee728b)
Number of updated assets reloaded before import = 0
Start importing Assets/Textures/Street_Build_C_2_NormalOpemGL.png using Guid(e3ccdb0923164c443b1a067845c8ba0b) Importer(815301076,1909f56bfc062723c751e8b465ee728b)  -> (artifact id: 'dcf9f6d14be66c97f7ff45584c44926d') in 0.022536 seconds 
Number of asset objects unloaded after import = 2
========================================================================
Received Import Request.
  Time since last request: 0.000013 seconds.
  path: Assets/Textures/Street_Props_01_BaseColor.png
  artifactKey: Guid(e20808373da51994a8f929042f1fc848) Importer(815301076,1909f56bfc062723c751e8b465ee728b)
Number of updated assets reloaded before import = 0
Start importing Assets/Textures/Street_Props_01_BaseColor.png using Guid(e20808373da51994a8f929042f1fc848) Importer(815301076,1909f56bfc062723c751e8b465ee728b)  -> (artifact id: '6291c37a66bfa273eb1c95136ae4ad47') in 0.018947 seconds 
Number of asset objects unloaded after import = 2
========================================================================
Received Import Request.
  Time since last request: 0.000013 seconds.
  path: Assets/Textures/Street_Build_G_2_NormalOpemGL.png
  artifactKey: Guid(b2e8f8d07b981ad4c9da1d3a81845efc) Importer(815301076,1909f56bfc062723c751e8b465ee728b)
Number of updated assets reloaded before import = 0
Start importing Assets/Textures/Street_Build_G_2_NormalOpemGL.png using Guid(b2e8f8d07b981ad4c9da1d3a81845efc) Importer(815301076,1909f56bfc062723c751e8b465ee728b)  -> (artifact id: '8c65b7bc8685bcf56e386acee309be04') in 0.020399 seconds 
Number of asset objects unloaded after import = 2
========================================================================
Received Import Request.
  Time since last request: 0.000013 seconds.
  path: Assets/Textures/Street_Build_D_2_BaseColor.png
  artifactKey: Guid(54f303bb6a337e941a1ff0402fd30c57) Importer(815301076,1909f56bfc062723c751e8b465ee728b)
Number of updated assets reloaded before import = 0
Start importing Assets/Textures/Street_Build_D_2_BaseColor.png using Guid(54f303bb6a337e941a1ff0402fd30c57) Importer(815301076,1909f56bfc062723c751e8b465ee728b)  -> (artifact id: '38e91eb4a2420232d191a9d559319d27') in 0.018563 seconds 
Number of asset objects unloaded after import = 2
========================================================================
Received Import Request.
  Time since last request: 0.000014 seconds.
  path: Assets/Textures/Street_Build_J_Metallic-Street_Build_J_Roughness@channels=G.png
  artifactKey: Guid(9ece8d2375ad71b4c9663157dc5c2631) Importer(815301076,1909f56bfc062723c751e8b465ee728b)
Number of updated assets reloaded before import = 0
Start importing Assets/Textures/Street_Build_J_Metallic-Street_Build_J_Roughness@channels=G.png using Guid(9ece8d2375ad71b4c9663157dc5c2631) Importer(815301076,1909f56bfc062723c751e8b465ee728b)  -> (artifact id: 'e428e69b57043055c5a2522243b03dd3') in 0.032075 seconds 
Number of asset objects unloaded after import = 2
========================================================================
Received Import Request.
  Time since last request: 0.000013 seconds.
  path: Assets/Textures/Street_Build_H_1_NormalOpemGL.png
  artifactKey: Guid(54126b642c3f4f149ab7a5c308ff12e0) Importer(815301076,1909f56bfc062723c751e8b465ee728b)
Number of updated assets reloaded before import = 0
Start importing Assets/Textures/Street_Build_H_1_NormalOpemGL.png using Guid(54126b642c3f4f149ab7a5c308ff12e0) Importer(815301076,1909f56bfc062723c751e8b465ee728b)  -> (artifact id: 'bb6c31bbabf65bfddea21fc0deee8886') in 0.020146 seconds 
Number of asset objects unloaded after import = 2
========================================================================
Received Import Request.
  Time since last request: 0.000013 seconds.
  path: Assets/Textures/Street_Build_J_Metallic-Street_Build_J_Roughness@channels=B.png
  artifactKey: Guid(edc7d17d1aa656b4292e32ce9288fad5) Importer(815301076,1909f56bfc062723c751e8b465ee728b)
Number of updated assets reloaded before import = 0
Start importing Assets/Textures/Street_Build_J_Metallic-Street_Build_J_Roughness@channels=B.png using Guid(edc7d17d1aa656b4292e32ce9288fad5) Importer(815301076,1909f56bfc062723c751e8b465ee728b)  -> (artifact id: '4806fd7338e089a65b95286112a473f8') in 0.032533 seconds 
Number of asset objects unloaded after import = 2
========================================================================
Received Import Request.
  Time since last request: 0.000014 seconds.
  path: Assets/Textures/Street_Build_G_2_Metallic-Street_Build_G_2_Roughness@channel.png
  artifactKey: Guid(ddbfa1d67b125034a9ae6bd1456d6bbc) Importer(815301076,1909f56bfc062723c751e8b465ee728b)
Number of updated assets reloaded before import = 0
Start importing Assets/Textures/Street_Build_G_2_Metallic-Street_Build_G_2_Roughness@channel.png using Guid(ddbfa1d67b125034a9ae6bd1456d6bbc) Importer(815301076,1909f56bfc062723c751e8b465ee728b)  -> (artifact id: '8937c32e705eb3adb7be450f69080825') in 0.031514 seconds 
Number of asset objects unloaded after import = 2
========================================================================
Received Import Request.
  Time since last request: 0.000016 seconds.
  path: Assets/Textures/Street_pole_Metallic_png-Street_pole_Roughness_png@channels=.png
  artifactKey: Guid(8439e3508ed4ee04fb0800750ab2c58e) Importer(815301076,1909f56bfc062723c751e8b465ee728b)
Number of updated assets reloaded before import = 0
Start importing Assets/Textures/Street_pole_Metallic_png-Street_pole_Roughness_png@channels=.png using Guid(8439e3508ed4ee04fb0800750ab2c58e) Importer(815301076,1909f56bfc062723c751e8b465ee728b)  -> (artifact id: '6aecf04e38e459b9c223ac668f6a6302') in 0.032809 seconds 
Number of asset objects unloaded after import = 2
========================================================================
Received Import Request.
  Time since last request: 0.000021 seconds.
  path: Assets/Textures/Street_Build_G_2_BaseColor.png
  artifactKey: Guid(3cf06e45e3b50504584a0032900d1202) Importer(815301076,1909f56bfc062723c751e8b465ee728b)
Number of updated assets reloaded before import = 0
Start importing Assets/Textures/Street_Build_G_2_BaseColor.png using Guid(3cf06e45e3b50504584a0032900d1202) Importer(815301076,1909f56bfc062723c751e8b465ee728b)  -> (artifact id: '47d82f1b8ebd30ac208f9e55739a66ac') in 0.018465 seconds 
Number of asset objects unloaded after import = 2
========================================================================
Received Import Request.
  Time since last request: 0.000015 seconds.
  path: Assets/Textures/Street_ground_BaseColor.png
  artifactKey: Guid(99babb29224b3be4cae0d0370ad82247) Importer(815301076,1909f56bfc062723c751e8b465ee728b)
Number of updated assets reloaded before import = 0
Start importing Assets/Textures/Street_ground_BaseColor.png using Guid(99babb29224b3be4cae0d0370ad82247) Importer(815301076,1909f56bfc062723c751e8b465ee728b)  -> (artifact id: '76326f6d3615d5f41b24a95fe7b46f4c') in 0.020837 seconds 
Number of asset objects unloaded after import = 2
========================================================================
Received Import Request.
  Time since last request: 0.000014 seconds.
  path: Assets/Textures/Street_pole_NormalOpemGL.png
  artifactKey: Guid(a24e89d13935fb54aa10ddaaf082cc67) Importer(815301076,1909f56bfc062723c751e8b465ee728b)
Number of updated assets reloaded before import = 0
Start importing Assets/Textures/Street_pole_NormalOpemGL.png using Guid(a24e89d13935fb54aa10ddaaf082cc67) Importer(815301076,1909f56bfc062723c751e8b465ee728b)  -> (artifact id: '3b5e6ad4b44acddead56852b29f04a96') in 0.019520 seconds 
Number of asset objects unloaded after import = 2
========================================================================
Received Import Request.
  Time since last request: 0.000013 seconds.
  path: Assets/Textures/Street_Build_F_1_NormalOpemGL.png
  artifactKey: Guid(84a605c1292475a4bbb6d87764fd288a) Importer(815301076,1909f56bfc062723c751e8b465ee728b)
Number of updated assets reloaded before import = 0
Start importing Assets/Textures/Street_Build_F_1_NormalOpemGL.png using Guid(84a605c1292475a4bbb6d87764fd288a) Importer(815301076,1909f56bfc062723c751e8b465ee728b)  -> (artifact id: '7d42d3128698d5b535d5ea314d8ebac8') in 0.019754 seconds 
Number of asset objects unloaded after import = 2
========================================================================
Received Import Request.
  Time since last request: 0.000014 seconds.
  path: Assets/Textures/Street_Build_I_Metallic-Street_Build_I_Roughness@channels=B.png
  artifactKey: Guid(f41e7227b681eb74cb301c73590dd485) Importer(815301076,1909f56bfc062723c751e8b465ee728b)
Number of updated assets reloaded before import = 0
Start importing Assets/Textures/Street_Build_I_Metallic-Street_Build_I_Roughness@channels=B.png using Guid(f41e7227b681eb74cb301c73590dd485) Importer(815301076,1909f56bfc062723c751e8b465ee728b)  -> (artifact id: 'f162dd673a1fc3dd86eb8ddebacb6e22') in 0.030921 seconds 
Number of asset objects unloaded after import = 2
========================================================================
Received Import Request.
  Time since last request: 0.000014 seconds.
  path: Assets/Textures/Street_Build_F_2_NormalOpemGL.png
  artifactKey: Guid(aa10e916105aab044862827764ef74ec) Importer(815301076,1909f56bfc062723c751e8b465ee728b)
Number of updated assets reloaded before import = 0
Start importing Assets/Textures/Street_Build_F_2_NormalOpemGL.png using Guid(aa10e916105aab044862827764ef74ec) Importer(815301076,1909f56bfc062723c751e8b465ee728b)  -> (artifact id: 'ab082f7466c773fee0921e5cfc589f91') in 0.021382 seconds 
Number of asset objects unloaded after import = 2
========================================================================
Received Import Request.
  Time since last request: 0.000013 seconds.
  path: Assets/Textures/Street_Build_F_1_BaseColor.png
  artifactKey: Guid(557fe19e771186543ba0a9a0b9310b3a) Importer(815301076,1909f56bfc062723c751e8b465ee728b)
Number of updated assets reloaded before import = 0
Start importing Assets/Textures/Street_Build_F_1_BaseColor.png using Guid(557fe19e771186543ba0a9a0b9310b3a) Importer(815301076,1909f56bfc062723c751e8b465ee728b)  -> (artifact id: '09cb76a45082606a6dbb391b331e4cd4') in 0.020501 seconds 
Number of asset objects unloaded after import = 2
========================================================================
Received Import Request.
  Time since last request: 0.000013 seconds.
  path: Assets/Textures/Street_Build_J_BaseColor.png
  artifactKey: Guid(d447656b211deb241860646f60f00864) Importer(815301076,1909f56bfc062723c751e8b465ee728b)
Number of updated assets reloaded before import = 0
Start importing Assets/Textures/Street_Build_J_BaseColor.png using Guid(d447656b211deb241860646f60f00864) Importer(815301076,1909f56bfc062723c751e8b465ee728b)  -> (artifact id: '37dcaaf06bea65e387f90015302d7900') in 0.019305 seconds 
Number of asset objects unloaded after import = 2
========================================================================
Received Import Request.
  Time since last request: 0.000013 seconds.
  path: Assets/Textures/Street_pole_BaseColor.png
  artifactKey: Guid(b9d4cdfaae8a3c848935a0e8538b1f50) Importer(815301076,1909f56bfc062723c751e8b465ee728b)
Number of updated assets reloaded before import = 0
Start importing Assets/Textures/Street_pole_BaseColor.png using Guid(b9d4cdfaae8a3c848935a0e8538b1f50) Importer(815301076,1909f56bfc062723c751e8b465ee728b)  -> (artifact id: '1ffd66123aea660d341c0f2b6a79717b') in 0.018564 seconds 
Number of asset objects unloaded after import = 2
========================================================================
Received Import Request.
  Time since last request: 0.000013 seconds.
  path: Assets/Textures/Street_ground_Metallic_png-Street_ground_Roughness@channels=.png
  artifactKey: Guid(900346b7de07e78408fc0a74b0ee37a9) Importer(815301076,1909f56bfc062723c751e8b465ee728b)
Number of updated assets reloaded before import = 0
Start importing Assets/Textures/Street_ground_Metallic_png-Street_ground_Roughness@channels=.png using Guid(900346b7de07e78408fc0a74b0ee37a9) Importer(815301076,1909f56bfc062723c751e8b465ee728b)  -> (artifact id: '36c5d3731c44662df64fa10b983d38e3') in 0.033482 seconds 
Number of asset objects unloaded after import = 2
========================================================================
Received Import Request.
  Time since last request: 0.000017 seconds.
  path: Assets/Textures/Street_Build_H_2_Metallic-Street_Build_H_2_Roughness@channel.png
  artifactKey: Guid(41005c51cc59dda47877a357ae2ed6ca) Importer(815301076,1909f56bfc062723c751e8b465ee728b)
Number of updated assets reloaded before import = 0
Start importing Assets/Textures/Street_Build_H_2_Metallic-Street_Build_H_2_Roughness@channel.png using Guid(41005c51cc59dda47877a357ae2ed6ca) Importer(815301076,1909f56bfc062723c751e8b465ee728b)  -> (artifact id: '746e1247b781e2653837f105ed1397fa') in 0.032865 seconds 
Number of asset objects unloaded after import = 2
========================================================================
Received Import Request.
  Time since last request: 0.000021 seconds.
  path: Assets/Textures/Street_Build_E_BaseColor.png
  artifactKey: Guid(a8d071c4929ef3f4f958876d6faaadc9) Importer(815301076,1909f56bfc062723c751e8b465ee728b)
Number of updated assets reloaded before import = 0
Start importing Assets/Textures/Street_Build_E_BaseColor.png using Guid(a8d071c4929ef3f4f958876d6faaadc9) Importer(815301076,1909f56bfc062723c751e8b465ee728b)  -> (artifact id: '2483b7fa7fafd275d76be93414bb2149') in 0.020400 seconds 
Number of asset objects unloaded after import = 2
========================================================================
Received Import Request.
  Time since last request: 0.000014 seconds.
  path: Assets/Textures/Street_Build_H_1_BaseColor.png
  artifactKey: Guid(c47c41cad3b5d5943ae1d9d6aed5a5ae) Importer(815301076,1909f56bfc062723c751e8b465ee728b)
Number of updated assets reloaded before import = 0
Start importing Assets/Textures/Street_Build_H_1_BaseColor.png using Guid(c47c41cad3b5d5943ae1d9d6aed5a5ae) Importer(815301076,1909f56bfc062723c751e8b465ee728b)  -> (artifact id: 'd3b45fadbe3c38d8b2900ad5b839c907') in 0.019450 seconds 
Number of asset objects unloaded after import = 2
========================================================================
Received Import Request.
  Time since last request: 36.561043 seconds.
  path: Assets/Textures/planet_barren_Base_Color.jpg
  artifactKey: Guid(78b7db42e70146449a55fea21e568005) Importer(815301076,1909f56bfc062723c751e8b465ee728b)
Number of updated assets reloaded before import = 0
Start importing Assets/Textures/planet_barren_Base_Color.jpg using Guid(78b7db42e70146449a55fea21e568005) Importer(815301076,1909f56bfc062723c751e8b465ee728b)  -> (artifact id: '4ede700830a0edde7092c3f72a226411') in 0.024615 seconds 
Number of asset objects unloaded after import = 2
========================================================================
Received Import Request.
  Time since last request: 0.000014 seconds.
  path: Assets/Textures/planet_barren_Roughness.png
  artifactKey: Guid(2d18f1988df81d5408de5af2994d2c17) Importer(815301076,1909f56bfc062723c751e8b465ee728b)
Number of updated assets reloaded before import = 0
Start importing Assets/Textures/planet_barren_Roughness.png using Guid(2d18f1988df81d5408de5af2994d2c17) Importer(815301076,1909f56bfc062723c751e8b465ee728b)  -> (artifact id: '86ca50ca5793c5f55b966a21b9b6d381') in 0.026486 seconds 
Number of asset objects unloaded after import = 2
========================================================================
Received Import Request.
  Time since last request: 0.000013 seconds.
  path: Assets/Textures/planet_barren_Normal_OpenGL.png
  artifactKey: Guid(9216260d44c2d2f44943b6fa9a1a509b) Importer(815301076,1909f56bfc062723c751e8b465ee728b)
Number of updated assets reloaded before import = 0
Start importing Assets/Textures/planet_barren_Normal_OpenGL.png using Guid(9216260d44c2d2f44943b6fa9a1a509b) Importer(815301076,1909f56bfc062723c751e8b465ee728b)  -> (artifact id: '4c8878486f2b42d6235698eab7947965') in 0.025739 seconds 
Number of asset objects unloaded after import = 2
========================================================================
Received Import Request.
  Time since last request: 27.338492 seconds.
  path: Assets/Textures/mat.mat
  artifactKey: Guid(7b69fd5a41574c849a671d24e8630ee5) Importer(815301076,1909f56bfc062723c751e8b465ee728b)
Number of updated assets reloaded before import = 0
Start importing Assets/Textures/mat.mat using Guid(7b69fd5a41574c849a671d24e8630ee5) Importer(815301076,1909f56bfc062723c751e8b465ee728b)  -> (artifact id: 'a29585389e7d9a476bb49004b08205db') in 0.014401 seconds 
Number of asset objects unloaded after import = 1
========================================================================
Received Import Request.
  Time since last request: 135.676912 seconds.
  path: Assets/Textures/mat.mat
  artifactKey: Guid(7b69fd5a41574c849a671d24e8630ee5) Importer(815301076,1909f56bfc062723c751e8b465ee728b)
Number of updated assets reloaded before import = 0
Start importing Assets/Textures/mat.mat using Guid(7b69fd5a41574c849a671d24e8630ee5) Importer(815301076,1909f56bfc062723c751e8b465ee728b)  -> (artifact id: '27bcdae63b84ff4b33196eec20d3b2b6') in 0.225826 seconds 
Number of asset objects unloaded after import = 4
========================================================================
Received Import Request.
  Time since last request: 1.965213 seconds.
  path: Assets/Textures/mat.mat
  artifactKey: Guid(7b69fd5a41574c849a671d24e8630ee5) Importer(815301076,1909f56bfc062723c751e8b465ee728b)
Number of updated assets reloaded before import = 0
Start importing Assets/Textures/mat.mat using Guid(7b69fd5a41574c849a671d24e8630ee5) Importer(815301076,1909f56bfc062723c751e8b465ee728b)  -> (artifact id: '794ad27391ff8d731d6b26532d326ea4') in 0.017942 seconds 
Number of asset objects unloaded after import = 4
========================================================================
Received Import Request.
  Time since last request: 0.000015 seconds.
  path: Assets/Textures/planet_barren_Normal_OpenGL.png
  artifactKey: Guid(9216260d44c2d2f44943b6fa9a1a509b) Importer(815301076,1909f56bfc062723c751e8b465ee728b)
Number of updated assets reloaded before import = 0
Start importing Assets/Textures/planet_barren_Normal_OpenGL.png using Guid(9216260d44c2d2f44943b6fa9a1a509b) Importer(815301076,1909f56bfc062723c751e8b465ee728b)  -> (artifact id: 'a8aac16e133912f030c606718cd7d8c8') in 0.021972 seconds 
Number of asset objects unloaded after import = 2
========================================================================
Received Import Request.
  Time since last request: 164.609058 seconds.
  path: Assets/NewBehaviourScript.cs
  artifactKey: Guid(3fe53cdd807841746b6a8348b8ba89f9) Importer(815301076,1909f56bfc062723c751e8b465ee728b)
Number of updated assets reloaded before import = 0
Start importing Assets/NewBehaviourScript.cs using Guid(3fe53cdd807841746b6a8348b8ba89f9) Importer(815301076,1909f56bfc062723c751e8b465ee728b)  -> (artifact id: 'b7fa70f3b52fe5d8f6b912a5ebee049f') in 0.018941 seconds 
Number of asset objects unloaded after import = 0
========================================================================
Received Prepare
Registering precompiled user dll's ...
Registered in 0.004607 seconds.
Begin MonoManager ReloadAssembly
Native extension for WindowsStandalone target not found
Native extension for Android target not found
Refreshing native plugins compatible for Editor in 0.43 ms, found 3 plugins.
Preloading 0 native plugins for Editor in 0.00 ms.
[Package Manager] Server::EnsureServerProcessIsRunning -- launch failed, reason: Unity was launched with the -noUpm command-line argument
[Package Manager] Cannot connect to Unity Package Manager local server
Mono: successfully reloaded assembly
- Completed reload, in  1.282 seconds
Domain Reload Profiling:
	ReloadAssembly (1283ms)
		BeginReloadAssembly (142ms)
			ExecutionOrderSort (0ms)
			DisableScriptedObjects (5ms)
			BackupInstance (0ms)
			ReleaseScriptingObjects (0ms)
			CreateAndSetChildDomain (32ms)
		EndReloadAssembly (1047ms)
			LoadAssemblies (92ms)
			RebuildTransferFunctionScriptingTraits (0ms)
			SetupTypeCache (244ms)
			ReleaseScriptCaches (1ms)
			RebuildScriptCaches (34ms)
			SetupLoadedEditorAssemblies (650ms)
				LogAssemblyErrors (0ms)
				InitializePlatformSupportModulesInManaged (20ms)
				SetLoadedEditorAssemblies (0ms)
				RefreshPlugins (0ms)
				BeforeProcessingInitializeOnLoad (52ms)
				ProcessInitializeOnLoadAttributes (552ms)
				ProcessInitializeOnLoadMethodAttributes (18ms)
				AfterProcessingInitializeOnLoad (7ms)
				EditorAssembliesLoaded (0ms)
			ExecutionOrderSort2 (0ms)
			AwakeInstancesAfterBackupRestoration (6ms)
Platform modules already initialized, skipping
Refreshing native plugins compatible for Editor in 0.44 ms, found 3 plugins.
Preloading 0 native plugins for Editor in 0.00 ms.
Unloading 3047 Unused Serialized files (Serialized files now loaded: 0)
Unloading 17 unused Assets / (21.9 KB). Loaded Objects now: 3575.
Memory consumption went from 112.7 MB to 112.7 MB.
Total: 2.633100 ms (FindLiveObjects: 0.227000 ms CreateObjectMapping: 0.132300 ms MarkObjects: 2.254900 ms  DeleteObjects: 0.018100 ms)

AssetImportParameters requested are different than current active one (requested -> active):
  custom:video-decoder-ogg-theora: a1e56fd34408186e4bbccfd4996cb3dc -> 
  custom:container-muxer-webm: aa71ff27fc2769a1b78a27578f13a17b -> 
  custom:container-demuxer-webm: 4f35f7cbe854078d1ac9338744f61a02 -> 
  custom:video-encoder-webm-vp8: eb34c28f22e8b96e1ab97ce403110664 -> 
  custom:CustomObjectIndexerAttribute: bc11b3a6c3213fcdd17b65e7da85e133 -> 
  custom:audio-encoder-webm-vorbis: bf7c407c2cedff20999df2af8eb42d56 -> 
  custom:framework-win-MediaFoundation: 216162199b28c13a410421893ffa2e32 -> 
  custom:SearchIndexIgnoredProperties: e643bd26f0fe6173181afceb89e7c659 -> 
  custom:container-demuxer-ogg: 62fdf1f143b41e24485cea50d1cbac27 -> 
  custom:video-decoder-webm-vp8: 9c59270c3fd7afecdb556c50c9e8de78 -> 
  custom:audio-decoder-ogg-vorbis: bf7c407c2cedff20999df2af8eb42d56 -> 
========================================================================
Received Import Request.
  Time since last request: 12.456878 seconds.
  path: Assets/Scripts
  artifactKey: Guid(b7f898b21a27df647b22cfba91abb1af) Importer(815301076,1909f56bfc062723c751e8b465ee728b)
Number of updated assets reloaded before import = 0
Start importing Assets/Scripts using Guid(b7f898b21a27df647b22cfba91abb1af) Importer(815301076,1909f56bfc062723c751e8b465ee728b)  -> (artifact id: '9d948a045dcce61dd2d3f8fa4d3ee0ec') in 0.011060 seconds 
Number of asset objects unloaded after import = 0
========================================================================
Received Import Request.
  Time since last request: 61.050482 seconds.
  path: Assets/Scripts/Salto.cs
  artifactKey: Guid(bce1260e8ac0ecb49a19f74882324ef0) Importer(815301076,1909f56bfc062723c751e8b465ee728b)
Number of updated assets reloaded before import = 0
Start importing Assets/Scripts/Salto.cs using Guid(bce1260e8ac0ecb49a19f74882324ef0) Importer(815301076,1909f56bfc062723c751e8b465ee728b)  -> (artifact id: 'e7edb337b6b38f093598fc5f632ef3fb') in 0.007755 seconds 
Number of asset objects unloaded after import = 0
========================================================================
Received Prepare
Registering precompiled user dll's ...
Registered in 0.004433 seconds.
Begin MonoManager ReloadAssembly
Native extension for WindowsStandalone target not found
Native extension for Android target not found
Refreshing native plugins compatible for Editor in 0.50 ms, found 3 plugins.
Preloading 0 native plugins for Editor in 0.00 ms.
[Package Manager] Server::EnsureServerProcessIsRunning -- launch failed, reason: Unity was launched with the -noUpm command-line argument
[Package Manager] Cannot connect to Unity Package Manager local server
Mono: successfully reloaded assembly
- Completed reload, in  1.324 seconds
Domain Reload Profiling:
	ReloadAssembly (1325ms)
		BeginReloadAssembly (143ms)
			ExecutionOrderSort (0ms)
			DisableScriptedObjects (6ms)
			BackupInstance (0ms)
			ReleaseScriptingObjects (0ms)
			CreateAndSetChildDomain (30ms)
		EndReloadAssembly (1091ms)
			LoadAssemblies (95ms)
			RebuildTransferFunctionScriptingTraits (0ms)
			SetupTypeCache (279ms)
			ReleaseScriptCaches (1ms)
			RebuildScriptCaches (42ms)
			SetupLoadedEditorAssemblies (645ms)
				LogAssemblyErrors (0ms)
				InitializePlatformSupportModulesInManaged (20ms)
				SetLoadedEditorAssemblies (0ms)
				RefreshPlugins (1ms)
				BeforeProcessingInitializeOnLoad (55ms)
				ProcessInitializeOnLoadAttributes (544ms)
				ProcessInitializeOnLoadMethodAttributes (17ms)
				AfterProcessingInitializeOnLoad (8ms)
				EditorAssembliesLoaded (0ms)
			ExecutionOrderSort2 (0ms)
			AwakeInstancesAfterBackupRestoration (6ms)
Platform modules already initialized, skipping
Refreshing native plugins compatible for Editor in 0.44 ms, found 3 plugins.
Preloading 0 native plugins for Editor in 0.00 ms.
Unloading 3048 Unused Serialized files (Serialized files now loaded: 0)
Unloading 17 unused Assets / (22.0 KB). Loaded Objects now: 3579.
Memory consumption went from 112.7 MB to 112.7 MB.
Total: 2.604400 ms (FindLiveObjects: 0.221200 ms CreateObjectMapping: 0.150100 ms MarkObjects: 2.215300 ms  DeleteObjects: 0.017000 ms)

AssetImportParameters requested are different than current active one (requested -> active):
  custom:video-decoder-ogg-theora: a1e56fd34408186e4bbccfd4996cb3dc -> 
  custom:container-muxer-webm: aa71ff27fc2769a1b78a27578f13a17b -> 
  custom:container-demuxer-webm: 4f35f7cbe854078d1ac9338744f61a02 -> 
  custom:video-encoder-webm-vp8: eb34c28f22e8b96e1ab97ce403110664 -> 
  custom:CustomObjectIndexerAttribute: bc11b3a6c3213fcdd17b65e7da85e133 -> 
  custom:audio-encoder-webm-vorbis: bf7c407c2cedff20999df2af8eb42d56 -> 
  custom:framework-win-MediaFoundation: 216162199b28c13a410421893ffa2e32 -> 
  custom:SearchIndexIgnoredProperties: e643bd26f0fe6173181afceb89e7c659 -> 
  custom:container-demuxer-ogg: 62fdf1f143b41e24485cea50d1cbac27 -> 
  custom:video-decoder-webm-vp8: 9c59270c3fd7afecdb556c50c9e8de78 -> 
  custom:audio-decoder-ogg-vorbis: bf7c407c2cedff20999df2af8eb42d56 -> 
